2022-02-28T01:29:44+00:00 CRITICAL Uncaught Error: Call to a member function get_image_id() on string in C:\Users\alema\Local Sites\questgames\app\public\wp-content\themes\QuestGames\single-product.php:7
Stack trace:
#0 C:\Users\alema\Local Sites\questgames\app\public\wp-includes\template-loader.php(106): include()
#1 C:\Users\alema\Local Sites\questgames\app\public\wp-blog-header.php(19): require_once('C:\\Users\\alema\\...')
#2 C:\Users\alema\Local Sites\questgames\app\public\index.php(17): require('C:\\Users\\alema\\...')
#3 {main}
  thrown, em C:\Users\alema\Local Sites\questgames\app\public\wp-content\themes\QuestGames\single-product.php, na linha 7

2022-02-28T01:30:08+00:00 CRITICAL Uncaught Error: Call to a member function image_id() on string in C:\Users\alema\Local Sites\questgames\app\public\wp-content\themes\QuestGames\single-product.php:7
Stack trace:
#0 C:\Users\alema\Local Sites\questgames\app\public\wp-includes\template-loader.php(106): include()
#1 C:\Users\alema\Local Sites\questgames\app\public\wp-blog-header.php(19): require_once('C:\\Users\\alema\\...')
#2 C:\Users\alema\Local Sites\questgames\app\public\index.php(17): require('C:\\Users\\alema\\...')
#3 {main}
  thrown, em C:\Users\alema\Local Sites\questgames\app\public\wp-content\themes\QuestGames\single-product.php, na linha 7

2022-02-28T01:30:42+00:00 CRITICAL Uncaught Error: Call to a member function image_id() on string in C:\Users\alema\Local Sites\questgames\app\public\wp-content\themes\QuestGames\single-product.php:7
Stack trace:
#0 C:\Users\alema\Local Sites\questgames\app\public\wp-includes\template-loader.php(106): include()
#1 C:\Users\alema\Local Sites\questgames\app\public\wp-blog-header.php(19): require_once('C:\\Users\\alema\\...')
#2 C:\Users\alema\Local Sites\questgames\app\public\index.php(17): require('C:\\Users\\alema\\...')
#3 {main}
  thrown, em C:\Users\alema\Local Sites\questgames\app\public\wp-content\themes\QuestGames\single-product.php, na linha 7

2022-02-28T01:33:42+00:00 CRITICAL Uncaught Error: Call to a member function get_image_id() on string in C:\Users\alema\Local Sites\questgames\app\public\wp-content\themes\QuestGames\single-product.php:33
Stack trace:
#0 C:\Users\alema\Local Sites\questgames\app\public\wp-includes\template-loader.php(106): include()
#1 C:\Users\alema\Local Sites\questgames\app\public\wp-blog-header.php(19): require_once('C:\\Users\\alema\\...')
#2 C:\Users\alema\Local Sites\questgames\app\public\index.php(17): require('C:\\Users\\alema\\...')
#3 {main}
  thrown, em C:\Users\alema\Local Sites\questgames\app\public\wp-content\themes\QuestGames\single-product.php, na linha 33

2022-02-28T01:37:27+00:00 CRITICAL Uncaught Error: Call to undefined function woo_image() in C:\Users\alema\Local Sites\questgames\app\public\wp-content\themes\QuestGames\single-product.php:6
Stack trace:
#0 C:\Users\alema\Local Sites\questgames\app\public\wp-includes\template-loader.php(106): include()
#1 C:\Users\alema\Local Sites\questgames\app\public\wp-blog-header.php(19): require_once('C:\\Users\\alema\\...')
#2 C:\Users\alema\Local Sites\questgames\app\public\index.php(17): require('C:\\Users\\alema\\...')
#3 {main}
  thrown, em C:\Users\alema\Local Sites\questgames\app\public\wp-content\themes\QuestGames\single-product.php, na linha 6

