2022-04-16T01:57:20+00:00 CRITICAL syntax error, unexpected end of file, em C:\Users\danie\Local Sites\questgames\app\public\wp-content\themes\QuestGames\page-home.php, na linha 142

2022-04-16T02:00:49+00:00 CRITICAL syntax error, unexpected end of file, em C:\Users\danie\Local Sites\questgames\app\public\wp-content\themes\QuestGames\page-home.php, na linha 144

2022-04-16T02:47:11+00:00 CRITICAL Uncaught Error: Call to a member function have_posts() on array in C:\Users\danie\Local Sites\questgames\app\public\wp-content\themes\QuestGames\page-home.php:86
Stack trace:
#0 C:\Users\danie\Local Sites\questgames\app\public\wp-includes\template-loader.php(106): include()
#1 C:\Users\danie\Local Sites\questgames\app\public\wp-blog-header.php(19): require_once('C:\\Users\\danie\\...')
#2 C:\Users\danie\Local Sites\questgames\app\public\index.php(17): require('C:\\Users\\danie\\...')
#3 {main}
  thrown, em C:\Users\danie\Local Sites\questgames\app\public\wp-content\themes\QuestGames\page-home.php, na linha 86

2022-04-16T02:50:55+00:00 CRITICAL syntax error, unexpected end of file, em C:\Users\danie\Local Sites\questgames\app\public\wp-content\themes\QuestGames\page-home.php, na linha 143

2022-04-16T02:51:13+00:00 CRITICAL Uncaught Error: Call to a member function have_posts() on null in C:\Users\danie\Local Sites\questgames\app\public\wp-content\themes\QuestGames\page-home.php:23
Stack trace:
#0 C:\Users\danie\Local Sites\questgames\app\public\wp-includes\template-loader.php(106): include()
#1 C:\Users\danie\Local Sites\questgames\app\public\wp-blog-header.php(19): require_once('C:\\Users\\danie\\...')
#2 C:\Users\danie\Local Sites\questgames\app\public\index.php(17): require('C:\\Users\\danie\\...')
#3 {main}
  thrown, em C:\Users\danie\Local Sites\questgames\app\public\wp-content\themes\QuestGames\page-home.php, na linha 23

2022-04-16T02:51:15+00:00 CRITICAL Uncaught Error: Call to a member function have_posts() on null in C:\Users\danie\Local Sites\questgames\app\public\wp-content\themes\QuestGames\page-home.php:23
Stack trace:
#0 C:\Users\danie\Local Sites\questgames\app\public\wp-includes\template-loader.php(106): include()
#1 C:\Users\danie\Local Sites\questgames\app\public\wp-blog-header.php(19): require_once('C:\\Users\\danie\\...')
#2 C:\Users\danie\Local Sites\questgames\app\public\index.php(17): require('C:\\Users\\danie\\...')
#3 {main}
  thrown, em C:\Users\danie\Local Sites\questgames\app\public\wp-content\themes\QuestGames\page-home.php, na linha 23

2022-04-16T02:51:24+00:00 CRITICAL Uncaught Error: Call to a member function have_posts() on null in C:\Users\danie\Local Sites\questgames\app\public\wp-content\themes\QuestGames\page-home.php:23
Stack trace:
#0 C:\Users\danie\Local Sites\questgames\app\public\wp-includes\template-loader.php(106): include()
#1 C:\Users\danie\Local Sites\questgames\app\public\wp-blog-header.php(19): require_once('C:\\Users\\danie\\...')
#2 C:\Users\danie\Local Sites\questgames\app\public\index.php(17): require('C:\\Users\\danie\\...')
#3 {main}
  thrown, em C:\Users\danie\Local Sites\questgames\app\public\wp-content\themes\QuestGames\page-home.php, na linha 23

2022-04-16T02:51:45+00:00 CRITICAL Uncaught Error: Call to a member function have_posts() on null in C:\Users\danie\Local Sites\questgames\app\public\wp-content\themes\QuestGames\page-home.php:23
Stack trace:
#0 C:\Users\danie\Local Sites\questgames\app\public\wp-includes\template-loader.php(106): include()
#1 C:\Users\danie\Local Sites\questgames\app\public\wp-blog-header.php(19): require_once('C:\\Users\\danie\\...')
#2 C:\Users\danie\Local Sites\questgames\app\public\index.php(17): require('C:\\Users\\danie\\...')
#3 {main}
  thrown, em C:\Users\danie\Local Sites\questgames\app\public\wp-content\themes\QuestGames\page-home.php, na linha 23

2022-04-16T02:51:53+00:00 CRITICAL Uncaught Error: Call to a member function have_posts() on null in C:\Users\danie\Local Sites\questgames\app\public\wp-content\themes\QuestGames\page-home.php:82
Stack trace:
#0 C:\Users\danie\Local Sites\questgames\app\public\wp-includes\template-loader.php(106): include()
#1 C:\Users\danie\Local Sites\questgames\app\public\wp-blog-header.php(19): require_once('C:\\Users\\danie\\...')
#2 C:\Users\danie\Local Sites\questgames\app\public\index.php(17): require('C:\\Users\\danie\\...')
#3 {main}
  thrown, em C:\Users\danie\Local Sites\questgames\app\public\wp-content\themes\QuestGames\page-home.php, na linha 82

2022-04-16T02:55:05+00:00 CRITICAL Uncaught Error: Call to a member function have_posts() on null in C:\Users\danie\Local Sites\questgames\app\public\wp-content\themes\QuestGames\page-home.php:86
Stack trace:
#0 C:\Users\danie\Local Sites\questgames\app\public\wp-includes\template-loader.php(106): include()
#1 C:\Users\danie\Local Sites\questgames\app\public\wp-blog-header.php(19): require_once('C:\\Users\\danie\\...')
#2 C:\Users\danie\Local Sites\questgames\app\public\index.php(17): require('C:\\Users\\danie\\...')
#3 {main}
  thrown, em C:\Users\danie\Local Sites\questgames\app\public\wp-content\themes\QuestGames\page-home.php, na linha 86

2022-04-16T02:55:42+00:00 CRITICAL Uncaught Error: Call to a member function have_posts() on null in C:\Users\danie\Local Sites\questgames\app\public\wp-content\themes\QuestGames\page-home.php:88
Stack trace:
#0 C:\Users\danie\Local Sites\questgames\app\public\wp-includes\template-loader.php(106): include()
#1 C:\Users\danie\Local Sites\questgames\app\public\wp-blog-header.php(19): require_once('C:\\Users\\danie\\...')
#2 C:\Users\danie\Local Sites\questgames\app\public\index.php(17): require('C:\\Users\\danie\\...')
#3 {main}
  thrown, em C:\Users\danie\Local Sites\questgames\app\public\wp-content\themes\QuestGames\page-home.php, na linha 88

2022-04-16T02:56:53+00:00 CRITICAL Uncaught Error: Call to a member function have_posts() on null in C:\Users\danie\Local Sites\questgames\app\public\wp-content\themes\QuestGames\page-home.php:88
Stack trace:
#0 C:\Users\danie\Local Sites\questgames\app\public\wp-includes\template-loader.php(106): include()
#1 C:\Users\danie\Local Sites\questgames\app\public\wp-blog-header.php(19): require_once('C:\\Users\\danie\\...')
#2 C:\Users\danie\Local Sites\questgames\app\public\index.php(17): require('C:\\Users\\danie\\...')
#3 {main}
  thrown, em C:\Users\danie\Local Sites\questgames\app\public\wp-content\themes\QuestGames\page-home.php, na linha 88

2022-04-16T02:58:47+00:00 CRITICAL Uncaught Error: Call to a member function have_posts() on null in C:\Users\danie\Local Sites\questgames\app\public\wp-content\themes\QuestGames\page-home.php:88
Stack trace:
#0 C:\Users\danie\Local Sites\questgames\app\public\wp-includes\template-loader.php(106): include()
#1 C:\Users\danie\Local Sites\questgames\app\public\wp-blog-header.php(19): require_once('C:\\Users\\danie\\...')
#2 C:\Users\danie\Local Sites\questgames\app\public\index.php(17): require('C:\\Users\\danie\\...')
#3 {main}
  thrown, em C:\Users\danie\Local Sites\questgames\app\public\wp-content\themes\QuestGames\page-home.php, na linha 88

2022-04-16T02:59:04+00:00 CRITICAL Uncaught Error: Call to a member function have_posts() on null in C:\Users\danie\Local Sites\questgames\app\public\wp-content\themes\QuestGames\page-home.php:88
Stack trace:
#0 C:\Users\danie\Local Sites\questgames\app\public\wp-includes\template-loader.php(106): include()
#1 C:\Users\danie\Local Sites\questgames\app\public\wp-blog-header.php(19): require_once('C:\\Users\\danie\\...')
#2 C:\Users\danie\Local Sites\questgames\app\public\index.php(17): require('C:\\Users\\danie\\...')
#3 {main}
  thrown, em C:\Users\danie\Local Sites\questgames\app\public\wp-content\themes\QuestGames\page-home.php, na linha 88

2022-04-16T03:00:01+00:00 CRITICAL Uncaught Error: Call to a member function have_posts() on null in C:\Users\danie\Local Sites\questgames\app\public\wp-content\themes\QuestGames\page-home.php:88
Stack trace:
#0 C:\Users\danie\Local Sites\questgames\app\public\wp-includes\template-loader.php(106): include()
#1 C:\Users\danie\Local Sites\questgames\app\public\wp-blog-header.php(19): require_once('C:\\Users\\danie\\...')
#2 C:\Users\danie\Local Sites\questgames\app\public\index.php(17): require('C:\\Users\\danie\\...')
#3 {main}
  thrown, em C:\Users\danie\Local Sites\questgames\app\public\wp-content\themes\QuestGames\page-home.php, na linha 88

2022-04-16T03:00:16+00:00 CRITICAL Uncaught Error: Call to a member function have_posts() on null in C:\Users\danie\Local Sites\questgames\app\public\wp-content\themes\QuestGames\page-home.php:89
Stack trace:
#0 C:\Users\danie\Local Sites\questgames\app\public\wp-includes\template-loader.php(106): include()
#1 C:\Users\danie\Local Sites\questgames\app\public\wp-blog-header.php(19): require_once('C:\\Users\\danie\\...')
#2 C:\Users\danie\Local Sites\questgames\app\public\index.php(17): require('C:\\Users\\danie\\...')
#3 {main}
  thrown, em C:\Users\danie\Local Sites\questgames\app\public\wp-content\themes\QuestGames\page-home.php, na linha 89

2022-04-16T03:02:19+00:00 CRITICAL Uncaught Error: Call to a member function have_posts() on null in C:\Users\danie\Local Sites\questgames\app\public\wp-content\themes\QuestGames\page-home.php:85
Stack trace:
#0 C:\Users\danie\Local Sites\questgames\app\public\wp-includes\template-loader.php(106): include()
#1 C:\Users\danie\Local Sites\questgames\app\public\wp-blog-header.php(19): require_once('C:\\Users\\danie\\...')
#2 C:\Users\danie\Local Sites\questgames\app\public\index.php(17): require('C:\\Users\\danie\\...')
#3 {main}
  thrown, em C:\Users\danie\Local Sites\questgames\app\public\wp-content\themes\QuestGames\page-home.php, na linha 85

2022-04-16T05:26:47+00:00 CRITICAL syntax error, unexpected end of file, em C:\Users\danie\Local Sites\questgames\app\public\wp-content\themes\QuestGames\page-home.php, na linha 144

