2022-03-05T19:37:48+00:00 CRITICAL Uncaught Error: Call to a member function get_price() on bool in C:\Users\alema\Local Sites\questgames\app\public\wp-content\themes\QuestGames\single-product.php:18
Stack trace:
#0 C:\Users\alema\Local Sites\questgames\app\public\wp-includes\template-loader.php(106): include()
#1 C:\Users\alema\Local Sites\questgames\app\public\wp-blog-header.php(19): require_once('C:\\Users\\alema\\...')
#2 C:\Users\alema\Local Sites\questgames\app\public\index.php(17): require('C:\\Users\\alema\\...')
#3 {main}
  thrown, em C:\Users\alema\Local Sites\questgames\app\public\wp-content\themes\QuestGames\single-product.php, na linha 18

2022-03-05T19:38:36+00:00 CRITICAL Uncaught Error: Call to a member function get_price() on string in C:\Users\alema\Local Sites\questgames\app\public\wp-content\themes\QuestGames\single-product.php:18
Stack trace:
#0 C:\Users\alema\Local Sites\questgames\app\public\wp-includes\template-loader.php(106): include()
#1 C:\Users\alema\Local Sites\questgames\app\public\wp-blog-header.php(19): require_once('C:\\Users\\alema\\...')
#2 C:\Users\alema\Local Sites\questgames\app\public\index.php(17): require('C:\\Users\\alema\\...')
#3 {main}
  thrown, em C:\Users\alema\Local Sites\questgames\app\public\wp-content\themes\QuestGames\single-product.php, na linha 18

2022-03-05T19:43:47+00:00 CRITICAL Uncaught Error: Call to a member function get_price() on null in C:\Users\alema\Local Sites\questgames\app\public\wp-content\themes\QuestGames\single-product.php:20
Stack trace:
#0 C:\Users\alema\Local Sites\questgames\app\public\wp-includes\template-loader.php(106): include()
#1 C:\Users\alema\Local Sites\questgames\app\public\wp-blog-header.php(19): require_once('C:\\Users\\alema\\...')
#2 C:\Users\alema\Local Sites\questgames\app\public\index.php(17): require('C:\\Users\\alema\\...')
#3 {main}
  thrown, em C:\Users\alema\Local Sites\questgames\app\public\wp-content\themes\QuestGames\single-product.php, na linha 20

